<?xml version="1.0" encoding="UTF-8"?>
<!-- Generated by org.testng.reporters.JUnitXMLReporter -->
<testsuite ignored="2" hostname="DESKTOP-D9VBHTA" failures="0" tests="18" name="Test" time="0.204" errors="0" timestamp="2024-10-19T21:01:19 IST">
  <testcase classname="java_practice_newone.MultipleTestScript" name="d" time="0.011"/>
  <testcase classname="java_practice_newone.MultipleTestScript" name="d" time="0.002"/>
  <testcase classname="java_practice_newone.MultipleTestScript" name="d" time="0.004"/>
  <testcase classname="java_practice_newone.TESTNG1" name="A1" time="0.002"/>
  <testcase classname="java_practice_newone.TESTNG1" name="a1" time="0.008"/>
  <testcase classname="java_practice_newone.TESTNG1" name="a2" time="0.01"/>
  <testcase classname="java_practice_newone.HandlingMultipleTestScript" name="a1" time="0.004"/>
  <testcase classname="java_practice_newone.HandlingMultipleTestScript" name="a2" time="0.007"/>
  <testcase classname="java_practice_newone.HandlingMultipleTestScript" name="ab" time="0.004"/>
  <testcase classname="java_practice_newone.HandlingMultipleTestScript" name="ad" time="0.003"/>
  <testcase classname="java_practice_newone.SkiptestScript" name="a" time="0.005"/>
  <testcase classname="java_practice_newone.SkiptestScript" name="c" time="0.01"/>
  <testcase classname="java_practice_newone.SkiptestScript" name="d" time="0.002"/>
  <testcase classname="java_practice_newone.SkiptestScript" name="d" time="0.002"/>
  <testcase classname="java_practice_newone.SkiptestScript" name="d" time="0.002"/>
  <testcase classname="java_practice_newone.SkiptestScript" name="d" time="0.001"/>
  <testcase classname="java_practice_newone.SkiptestScript" name="d" time="0.002"/>
  <testcase classname="java_practice_newone.SkiptestScript" name="f" time="0.006">
    <skipped/>
  </testcase> <!-- f -->
  <testcase classname="java_practice_newone.MultipleTestScript" name="S" time="0.0">
    <ignored/>
  </testcase> <!-- S -->
  <testcase classname="java_practice_newone.SkiptestScript" name="b" time="0.0">
    <ignored/>
  </testcase> <!-- b -->
</testsuite> <!-- Test -->
